30
0 L 0 0 1
0 D 0 0 2
0 L 0 2 2
0 D 0 2 2
0 L 0 4 1
0 D 0 4 3
0 L 0 6 15
0 D 0 6 15
0 L 0 2 2
0 D 0 2 2
0 L 0 0 1
0 D 0 0 2
0 L 0 2 2
0 D 0 2 2
0 L 0 3 1
0 D 0 3 1
0 L 0 2 2
0 D 0 2 2
0 L 0 3 1
0 D 0 3 1
0 L 0 8 5
0 D 0 8 5
0 L 0 10 2
0 D 0 10 2
0 L 0 12 1
0 D 0 12 1
0 L 0 0 1
0 D 0 0 2
0 L 0 2 2
0 D 0 2 2
0 L 0 4 1
0 D 0 4 3
0 L 0 8 2
0 D 0 8 5
0 L 0 9 1
0 D 0 9 2
0 L 0 15 2
0 D 0 15 2
0 L 0 11 4
0 D 0 11 4
0 L 0 10 2
0 D 0 10 2
0 L 0 10 2
0 D 0 10 2
0 L 0 10 2
0 D 0 10 2
0 L 0 2 1
0 D 0 2 2
0 L 0 13 2
0 D 0 13 8
0 L 0 15 2
0 D 0 15 2
0 L 0 10 1
0 D 0 10 2
0 L 0 15 2
0 D 0 15 2
0 L 0 16 3
0 D 0 16 3
0 L 0 17 2
0 D 0 17 4
0 L 0 15 2
0 D 0 15 2
0 L 0 16 3
0 D 0 16 3
0 L 0 17 4
0 D 0 17 4
0 L 0 16 3
0 D 0 16 3
0 L 0 11 1
0 D 0 11 4
0 L 0 8 1
0 D 0 8 5
0 L 0 10 2
0 D 0 10 2
0 L 0 12 1
0 D 0 12 1
0 L 0 14 2
0 D 0 14 2
0 L 0 15 2
0 D 0 15 2
0 L 0 16 3
0 D 0 16 3
0 L 0 3 1
0 D 0 3 1
0 L 0 4 1
0 D 0 4 3
0 L 0 2 2
0 D 0 2 2
0 L 0 10 2
0 D 0 10 2
0 L 0 12 1
0 D 0 12 1
0 L 0 14 2
0 D 0 14 2
0 L 0 10 2
0 D 0 10 2
0 L 0 12 1
0 D 0 12 1
0 L 0 16 3
0 D 0 16 3
0 L 0 12 1
0 D 0 12 1
0 L 0 10 1
0 D 0 10 2
0 L 0 14 2
0 D 0 14 2
0 L 0 12 1
0 D 0 12 1
0 L 0 15 1
0 D 0 15 2
0 L 0 12 1
0 D 0 12 1
0 L 0 16 1
0 D 0 16 3
0 L 0 14 2
0 D 0 14 2
0 L 0 16 3
0 D 0 16 3
0 L 0 12 1
0 D 0 12 1
0 L 0 14 2
0 D 0 14 2
0 L 0 12 1
0 D 0 12 1
0 L 0 12 1
0 D 0 12 1
0 L 0 12 1
0 D 0 12 1
0 L 0 14 2
0 D 0 14 2
0 L 0 12 1
0 D 0 12 1
0 L 0 14 2
0 D 0 14 2
0 L 0 2 1
0 D 0 2 2
0 L 0 8 2
0 D 0 8 5
0 L 0 12 1
0 D 0 12 1
0 L 0 14 2
0 D 0 14 2
0 L 0 10 2
0 D 0 10 2
0 L 0 10 2
0 D 0 10 2
0 L 0 12 1
0 D 0 12 1
0 L 0 12 1
0 D 0 12 1
0 L 0 12 1
0 D 0 12 1
0 L 0 12 1
0 D 0 12 1
0 L 0 14 2
0 D 0 14 2
0 L 0 12 1
0 D 0 12 1
0 L 0 16 3
0 D 0 16 3
0 L 0 17 4
0 D 0 17 4
0 L 0 12 1
0 D 0 12 1
0 L 0 12 1
0 D 0 12 1
0 L 0 14 2
0 D 0 14 2
0 L 0 12 1
0 D 0 12 1
0 L 0 12 1
0 D 0 12 1
0 L 0 12 1
0 D 0 12 1
0 L 0 14 2
0 D 0 14 2
0 L 0 16 3
0 D 0 16 3
0 L 0 17 2
0 D 0 17 4
0 L 0 14 2
0 D 0 14 2
0 L 0 14 2
0 D 0 14 2
0 L 0 14 2
0 D 0 14 2
0 L 0 14 2
0 D 0 14 2
0 L 0 14 2
0 D 0 14 2
0 L 0 14 2
0 D 0 14 2
0 L 0 15 2
0 D 0 15 2
0 L 0 15 2
0 D 0 15 2
0 L 0 15 2
0 D 0 15 2
0 L 0 15 2
0 D 0 15 2
0 L 0 16 3
0 D 0 16 3
0 L 0 15 1
0 D 0 15 2
0 L 0 16 1
0 D 0 16 3
0 L 0 17 4
0 D 0 17 4
0 L 0 2 1
0 D 0 2 2
0 L 0 3 1
0 D 0 3 1
0 L 0 2 2
0 D 0 2 2
0 L 0 8 5
0 D 0 8 5
0 L 0 10 2
0 D 0 10 2
0 L 0 15 2
0 D 0 15 2
0 L 0 2 2
0 D 0 2 2
0 L 0 3 1
0 D 0 3 1
0 L 0 8 2
0 D 0 8 5
0 L 0 10 2
0 D 0 10 2
0 L 0 17 4
0 D 0 17 4
0 L 0 8 2
0 D 0 8 5
0 L 0 10 2
0 D 0 10 2
0 L 0 16 3
0 D 0 16 3
0 L 0 2 2
0 D 0 2 2
0 L 0 4 1
0 D 0 4 3
0 L 0 8 5
0 D 0 8 5
0 L 0 10 2
0 D 0 10 2
0 L 0 1 5
0 D 0 1 5
0 L 0 2 2
0 D 0 2 2
0 L 0 1 5
0 D 0 1 5
0 L 0 2 1
0 D 0 2 2
0 L 0 10 2
0 D 0 10 2
0 L 0 13 8
0 D 0 13 8
0 L 0 15 2
0 D 0 15 2
0 L 0 3 1
0 D 0 3 1
0 L 0 2 2
0 D 0 2 2
0 L 0 1 5
0 D 0 1 5
0 L 0 3 1
0 D 0 3 1
0 L 0 7 2
0 D 0 7 2
0 L 0 7 2
0 D 0 7 2
0 L 0 8 4
0 D 0 8 5
0 L 0 1 1
0 D 0 1 5
0 L 0 2 2
0 D 0 2 2
0 L 0 3 1
0 D 0 3 1
0 L 0 4 2
0 D 0 4 3
0 L 0 0 1
0 D 0 0 2
0 L 0 2 2
0 D 0 2 2
0 L 0 2 2
0 D 0 2 2
0 L 0 2 2
0 D 0 2 2
0 L 0 10 2
0 D 0 10 2
0 L 0 0 1
0 D 0 0 2
0 L 0 2 2
0 D 0 2 2
0 L 0 3 1
0 D 0 3 1
0 L 0 5 5
0 D 0 5 5
0 L 0 8 1
0 D 0 8 5
0 L 0 9 1
0 D 0 9 2
0 L 0 10 2
0 D 0 10 2
0 L 0 7 2
0 D 0 7 2
0 L 0 7 2
0 D 0 7 2
0 L 0 9 1
0 D 0 9 2
0 L 0 10 2
0 D 0 10 2
0 L 0 10 2
0 D 0 10 2
0 L 0 10 1
0 D 0 10 2
0 L 0 15 2
0 D 0 15 2
0 L 0 16 3
0 D 0 16 3
0 L 0 11 4
0 D 0 11 4
0 L 0 11 4
0 D 0 11 4
0 L 0 2 2
0 D 0 2 2
0 L 0 2 2
0 D 0 2 2
0 L 0 8 5
0 D 0 8 5
0 L 0 8 5
0 D 0 8 5
0 L 0 10 2
0 D 0 10 2
0 L 0 10 1
0 D 0 10 2
0 L 0 15 2
0 D 0 15 2
0 L 0 16 3
0 D 0 16 3
0 L 0 15 2
0 D 0 15 2
0 L 0 16 3
0 D 0 16 3
0 L 0 16 3
0 D 0 16 3
0 L 0 10 2
0 D 0 10 2
0 L 0 16 2
0 D 0 16 3
0 L 0 17 4
0 D 0 17 4
0 L 0 14 2
0 D 0 14 2
0 L 0 14 2
0 D 0 14 2
0 L 0 14 2
0 D 0 14 2
0 L 0 17 2
0 D 0 17 4
0 L 0 7 2
0 D 0 7 2
0 L 0 15 2
0 D 0 15 2
0 L 0 7 2
0 D 0 7 2
0 L 0 15 2
0 D 0 15 2
0 L 0 16 3
0 D 0 16 3
0 L 0 7 2
0 D 0 7 2
0 L 0 15 2
0 D 0 15 2
0 L 0 16 3
0 D 0 16 3
0 L 0 17 4
0 D 0 17 4
0 L 0 7 2
0 D 0 7 2
0 L 0 16 3
0 D 0 16 3
0 L 0 17 1
0 D 0 17 4
0 L 0 15 1
0 D 0 15 2
0 L 0 16 2
0 D 0 16 3
0 L 0 15 2
0 D 0 15 2
0 L 0 7 2
0 D 0 7 2
0 L 0 7 2
0 D 0 7 2
0 L 0 16 3
0 D 0 16 3
0 L 0 7 2
0 D 0 7 2
0 L 0 7 2
0 D 0 7 2
0 L 0 15 2
0 D 0 15 2
0 L 0 16 3
0 D 0 16 3
0 L 0 2 2
0 D 0 2 2
0 L 0 7 2
0 D 0 7 2
0 L 0 7 2
0 D 0 7 2
0 L 0 7 2
0 D 0 7 2
0 L 0 7 2
0 D 0 7 2
0 L 0 7 2
0 D 0 7 2
0 L 0 7 2
0 D 0 7 2
0 L 0 2 2
0 D 0 2 2
0 L 0 5 5
0 D 0 5 5
0 L 0 10 2
0 D 0 10 2
0 L 0 2 2
0 D 0 2 2
0 L 0 5 5
0 D 0 5 5
0 L 0 10 2
0 D 0 10 2
0 L 0 5 5
0 D 0 5 5
0 L 0 5 5
0 D 0 5 5
0 L 0 5 5
0 D 0 5 5
0 L 0 5 3
0 D 0 5 5
0 L 0 15 2
0 D 0 15 2
0 L 0 16 3
0 D 0 16 3
0 L 0 15 1
0 D 0 15 2
0 L 0 16 3
0 D 0 16 3
0 L 0 16 3
0 D 0 16 3
0 L 0 16 2
0 D 0 16 3
0 L 0 18 2
0 D 0 18 2
0 L 0 16 3
0 D 0 16 3
0 L 0 15 2
0 D 0 15 2
0 L 0 15 2
0 D 0 15 2
0 L 0 16 2
0 D 0 16 3
0 L 0 15 2
0 D 0 15 2
0 L 0 16 3
0 D 0 16 3
0 L 0 16 2
0 D 0 16 3
0 L 0 17 4
0 D 0 17 4
0 L 0 17 1
0 D 0 17 4
0 L 0 18 1
0 D 0 18 2
