624
0 L 4 1 3
0 D 185 1 5
0 L 4 2 2
0 D 185 2 2
0 L 4 4 1
0 D 185 4 3
0 L 4 5 3
0 D 185 5 5
0 L 15 2 2
0 D 637 2 2
0 L 5 0 1
0 D 979 0 2
0 L 5 1 3
0 D 979 1 5
0 L 5 2 2
0 D 979 2 2
0 L 15 3 1
0 D 637 3 1
0 L 15 5 5
0 D 637 5 5
0 L 8 1 1
0 D 39 1 5
0 L 8 4 1
0 D 306 4 3
0 L 8 2 2
0 D 614 2 2
0 L 8 2 1
0 D 306 2 2
0 L 5 3 1
0 D 348 3 1
0 L 5 5 1
0 D 348 5 5
0 L 5 6 2
0 D 348 6 15
0 L 5 8 3
0 D 348 8 5
0 L 5 10 2
0 D 348 10 2
0 L 5 11 1
0 D 348 11 4
0 L 5 13 1
0 D 348 13 8
0 L 5 14 2
0 D 348 14 2
0 L 14 5 3
0 D 877 5 5
0 L 14 6 1
0 D 877 6 15
0 L 14 7 2
0 D 877 7 2
0 L 14 10 2
0 D 877 10 2
0 L 14 2 1
0 D 877 2 2
0 L 8 6 1
0 D 473 6 15
0 L 8 7 1
0 D 473 7 2
0 L 8 8 3
0 D 473 8 5
0 L 8 10 2
0 D 473 10 2
0 L 8 10 1
0 D 933 10 2
0 L 0 7 2
0 D 344 7 2
0 L 0 3 1
0 D 344 3 1
0 L 0 2 1
0 D 344 2 2
0 L 0 8 1
0 D 809 8 5
0 L 0 10 2
0 D 809 10 2
0 L 0 11 1
0 D 809 11 4
0 L 0 12 1
0 D 809 12 1
0 L 0 13 1
0 D 809 13 8
0 L 0 14 2
0 D 809 14 2
0 L 0 15 2
0 D 809 15 2
0 L 0 16 3
0 D 809 16 3
0 L 1 0 1
0 D 840 0 2
0 L 1 2 2
0 D 840 2 2
0 L 1 4 2
0 D 840 4 3
0 L 1 5 4
0 D 840 5 5
0 L 1 6 2
0 D 840 6 15
0 L 1 7 1
0 D 840 7 2
0 L 8 14 2
0 D 158 14 2
0 L 8 12 1
0 D 158 12 1
0 L 8 13 1
0 D 158 13 8
0 L 1 2 1
0 D 460 2 2
0 L 1 8 1
0 D 460 8 5
0 L 1 10 2
0 D 460 10 2
0 L 1 12 1
0 D 460 12 1
0 L 15 2 1
0 D 299 2 2
0 L 14 7 2
0 D 499 7 2
0 L 14 12 1
0 D 499 12 1
0 L 0 14 2
0 D 864 14 2
0 L 6 1 2
0 D 991 1 5
0 L 6 2 2
0 D 991 2 2
0 L 6 3 1
0 D 991 3 1
0 L 5 10 2
0 D 672 10 2
0 L 14 7 1
0 D 489 7 2
0 L 0 15 1
0 D 701 15 2
0 L 0 16 3
0 D 701 16 3
0 L 0 17 1
0 D 701 17 4
0 L 12 9 1
0 D 377 9 2
0 L 12 7 2
0 D 377 7 2
0 L 12 10 2
0 D 377 10 2
0 L 12 12 1
0 D 377 12 1
0 L 12 14 1
0 D 377 14 2
0 L 3 7 2
0 D 969 7 2
0 L 3 10 2
0 D 969 10 2
0 L 15 10 2
0 D 971 10 2
0 L 15 11 1
0 D 971 11 4
0 L 15 12 1
0 D 971 12 1
0 L 15 13 2
0 D 971 13 8
1 L 11 2 2
1 D 65 2 2
1 L 11 4 1
1 D 65 4 3
1 L 11 5 1
1 D 65 5 5
1 L 11 7 1
1 D 65 7 2
1 L 11 8 3
1 D 65 8 5
1 L 11 10 2
1 D 65 10 2
1 L 11 11 1
1 D 65 11 4
1 L 11 12 1
1 D 65 12 1
1 L 11 0 1
1 D 65 0 2
1 L 4 7 2
1 D 872 7 2
1 L 4 8 3
1 D 872 8 5
1 L 4 10 2
1 D 872 10 2
1 L 4 11 3
1 D 872 11 4
1 L 0 0 1
1 D 526 0 2
1 L 0 2 2
1 D 526 2 2
1 L 0 3 1
1 D 526 3 1
1 L 0 5 1
1 D 526 5 5
1 L 0 6 1
1 D 526 6 15
1 L 11 2 2
1 D 183 2 2
1 L 7 1 1
1 D 417 1 5
1 L 7 5 2
1 D 417 5 5
1 L 7 6 1
1 D 417 6 15
1 L 7 2 2
1 D 417 2 2
1 L 7 8 4
1 D 417 8 5
1 L 7 9 1
1 D 417 9 2
1 L 7 10 2
1 D 417 10 2
1 L 7 11 1
1 D 417 11 4
1 L 7 7 2
1 D 417 7 2
1 L 4 10 1
1 D 746 10 2
1 L 4 12 1
1 D 746 12 1
1 L 4 13 1
1 D 746 13 8
1 L 11 2 2
1 D 260 2 2
1 L 11 2 1
1 D 714 2 2
1 L 11 10 1
1 D 338 10 2
1 L 15 5 1
1 D 390 5 5
1 L 15 6 1
1 D 390 6 15
1 L 15 7 2
1 D 390 7 2
1 L 15 8 2
1 D 390 8 5
1 L 12 1 2
1 D 114 1 5
1 L 12 2 1
1 D 114 2 2
1 L 12 3 1
1 D 114 3 1
1 L 12 5 3
1 D 114 5 5
1 L 3 5 1
1 D 535 5 5
1 L 3 2 2
1 D 535 2 2
1 L 3 3 1
1 D 535 3 1
1 L 3 2 2
1 D 387 2 2
1 L 7 7 2
1 D 825 7 2
1 L 15 7 1
1 D 916 7 2
1 L 9 2 2
1 D 583 2 2
1 L 9 3 1
1 D 583 3 1
1 L 9 5 2
1 D 583 5 5
1 L 7 10 1
1 D 644 10 2
1 L 3 6 2
1 D 570 6 15
1 L 3 7 2
1 D 570 7 2
1 L 3 8 5
1 D 570 8 5
1 L 8 14 1
1 D 735 14 2
1 L 8 15 1
1 D 735 15 2
1 L 8 16 3
1 D 735 16 3
1 L 5 10 1
1 D 384 10 2
1 L 5 14 2
1 D 384 14 2
1 L 15 14 1
1 D 971 14 2
1 L 15 15 2
1 D 971 15 2
1 L 6 2 1
1 D 187 2 2
1 L 6 5 1
1 D 945 5 5
1 L 6 8 3
1 D 945 8 5
1 L 6 10 2
1 D 945 10 2
1 L 6 11 1
1 D 945 11 4
1 L 6 12 1
1 D 945 12 1
1 L 3 7 1
1 D 865 7 2
1 L 3 12 1
1 D 865 12 1
1 L 3 14 1
1 D 865 14 2
1 L 3 15 2
1 D 865 15 2
1 L 9 5 3
1 D 170 5 5
1 L 9 7 2
1 D 170 7 2
1 L 9 10 2
1 D 170 10 2
1 L 9 8 4
1 D 170 8 5
1 L 9 2 1
1 D 170 2 2
1 L 9 7 2
1 D 393 7 2
1 L 9 10 1
1 D 393 10 2
2 L 10 0 1
2 D 537 0 2
2 L 10 1 2
2 D 537 1 5
2 L 10 2 2
2 D 537 2 2
2 L 10 5 1
2 D 537 5 5
2 L 10 6 2
2 D 537 6 15
2 L 10 7 2
2 D 537 7 2
2 L 10 8 1
2 D 537 8 5
2 L 4 12 1
2 D 808 12 1
2 L 4 14 2
2 D 808 14 2
2 L 4 16 3
2 D 808 16 3
2 L 4 15 2
2 D 808 15 2
2 L 4 17 1
2 D 808 17 4
2 L 4 12 1
2 D 399 12 1
2 L 4 14 2
2 D 399 14 2
2 L 4 14 1
2 D 394 14 2
2 L 4 15 2
2 D 394 15 2
2 L 4 16 3
2 D 394 16 3
2 L 14 12 1
2 D 496 12 1
2 L 14 14 1
2 D 496 14 2
2 L 5 15 2
2 D 738 15 2
2 L 5 16 3
2 D 738 16 3
2 L 6 17 2
2 D 143 17 4
2 L 6 14 2
2 D 143 14 2
2 L 6 15 1
2 D 143 15 2
2 L 6 16 1
2 D 143 16 3
2 L 5 16 3
2 D 809 16 3
2 L 0 16 1
2 D 738 16 3
2 L 1 12 1
2 D 196 12 1
2 L 1 15 2
2 D 196 15 2
2 L 1 16 3
2 D 196 16 3
2 L 1 12 1
2 D 738 12 1
2 L 1 15 1
2 D 738 15 2
2 L 1 16 2
2 D 738 16 3
2 L 6 14 2
2 D 496 14 2
2 L 1 12 1
2 D 733 12 1
2 L 5 17 3
2 D 701 17 4
2 L 14 15 1
2 D 143 15 2
2 L 14 16 3
2 D 143 16 3
2 L 14 17 2
2 D 143 17 4
2 L 3 15 2
2 D 971 15 2
2 L 7 14 1
2 D 424 14 2
2 L 7 15 2
2 D 424 15 2
2 L 7 16 3
2 D 424 16 3
2 L 7 17 3
2 D 424 17 4
2 L 12 15 2
2 D 662 15 2
2 L 15 16 3
2 D 758 16 3
2 L 1 17 4
2 D 701 17 4
2 L 6 14 2
2 D 661 14 2
2 L 3 16 3
2 D 735 16 3
2 L 2 12 1
2 D 418 12 1
3 L 10 2 1
3 D 944 2 2
3 L 10 7 1
3 D 944 7 2
3 L 10 10 2
3 D 944 10 2
3 L 10 11 1
3 D 944 11 4
3 L 10 12 1
3 D 944 12 1
3 L 10 13 1
3 D 944 13 8
3 L 10 14 2
3 D 944 14 2
3 L 4 15 1
3 D 211 15 2
3 L 4 16 1
3 D 211 16 3
3 L 9 11 1
3 D 393 11 4
3 L 13 1 1
3 D 417 1 5
3 L 13 2 2
3 D 417 2 2
3 L 13 4 1
3 D 417 4 3
3 L 13 5 1
3 D 417 5 5
3 L 13 6 2
3 D 417 6 15
3 L 13 7 2
3 D 417 7 2
3 L 13 8 1
3 D 417 8 5
3 L 13 10 2
3 D 417 10 2
3 L 13 11 1
3 D 417 11 4
3 L 13 12 1
3 D 417 12 1
3 L 9 14 2
3 D 278 14 2
3 L 8 16 1
3 D 307 16 3
3 L 2 2 2
3 D 413 2 2
3 L 2 1 1
3 D 413 1 5
3 L 2 3 1
3 D 413 3 1
3 L 2 7 1
3 D 413 7 2
3 L 2 8 5
3 D 413 8 5
3 L 2 9 1
3 D 413 9 2
3 L 2 10 2
3 D 413 10 2
3 L 2 2 2
3 D 635 2 2
3 L 2 10 2
3 D 635 10 2
3 L 9 15 2
3 D 865 15 2
3 L 9 16 2
3 D 735 16 3
3 L 2 11 1
3 D 922 11 4
3 L 2 12 1
3 D 922 12 1
3 L 2 14 2
3 D 922 14 2
3 L 2 12 1
3 D 501 12 1
3 L 2 15 2
3 D 501 15 2
3 L 2 16 3
3 D 501 16 3
3 L 3 15 1
3 D 758 15 2
3 L 3 16 3
3 D 758 16 3
3 L 7 15 2
3 D 211 15 2
3 L 7 16 3
3 D 211 16 3
3 L 11 15 1
3 D 142 15 2
3 L 8 17 4
3 D 504 17 4
3 L 13 15 2
3 D 424 15 2
3 L 13 16 3
3 D 424 16 3
4 L 10 10 2
4 D 762 10 2
4 L 11 14 2
4 D 52 14 2
4 L 7 13 2
4 D 377 13 8
4 L 7 14 2
4 D 377 14 2
4 L 13 10 2
4 D 301 10 2
4 L 13 13 1
4 D 377 13 8
4 L 13 14 2
4 D 377 14 2
4 L 12 10 1
4 D 528 10 2
4 L 11 15 2
4 D 544 15 2
4 L 11 16 3
4 D 544 16 3
4 L 11 17 1
4 D 544 17 4
4 L 11 16 3
4 D 298 16 3
4 L 10 12 1
4 D 298 12 1
4 L 10 14 1
4 D 298 14 2
4 L 10 15 2
4 D 298 15 2
4 L 10 16 3
4 D 298 16 3
4 L 13 17 3
4 D 424 17 4
4 L 14 16 2
4 D 196 16 3
4 L 13 15 2
4 D 971 15 2
4 L 13 15 1
4 D 582 15 2
4 L 1 17 1
4 D 190 17 4
4 L 12 15 2
4 D 211 15 2
4 L 12 16 3
4 D 211 16 3
4 L 12 17 1
4 D 211 17 4
4 L 4 18 2
4 D 891 18 2
4 L 1 18 2
4 D 891 18 2
4 L 8 17 1
4 D 143 17 4
4 L 3 17 2
4 D 504 17 4
4 L 15 17 1
4 D 424 17 4
5 L 10 10 1
5 D 894 10 2
5 L 10 12 1
5 D 894 12 1
5 L 10 16 3
5 D 11 16 3
5 L 10 17 2
5 D 11 17 4
5 L 2 15 1
5 D 735 15 2
5 L 2 16 3
5 D 735 16 3
5 L 9 17 3
5 D 504 17 4
5 L 12 15 2
5 D 808 15 2
5 L 12 16 3
5 D 808 16 3
5 L 12 15 2
5 D 424 15 2
5 L 12 16 2
5 D 424 16 3
5 L 0 18 1
5 D 891 18 2
5 L 14 18 1
5 D 891 18 2
5 L 8 18 2
5 D 891 18 2
5 L 15 18 2
5 D 891 18 2
5 L 5 18 2
5 D 891 18 2
5 L 3 18 2
5 D 891 18 2
5 L 9 18 2
5 D 891 18 2
5 L 7 18 2
5 D 891 18 2
5 L 2 16 1
5 D 307 16 3
5 L 6 18 2
5 D 891 18 2
6 L 10 16 2
6 D 89 16 3
6 L 13 18 1
6 D 891 18 2
6 L 11 18 2
6 D 891 18 2
6 L 2 17 1
6 D 504 17 4
6 L 12 18 1
6 D 891 18 2
6 L 2 18 2
6 D 891 18 2
6 L 10 18 2
6 D 891 18 2
